<?xml version="1.0" encoding="UTF-8"?>
<!-- Generated by org.testng.reporters.JUnitXMLReporter -->
<testsuite hostname="SARJERAO-PC" name="Test" tests="3" failures="0" timestamp="18 May 2019 06:25:33 GMT" time="19.23" errors="0">
  <testcase name="searchTest_howStuffWorks" time="0.731" classname="testNG.YahooSearchTest"/>
  <testcase name="searchTest_whatToSearch" time="0.66" classname="testNG.YahooSearchTest"/>
  <testcase name="verifyTitle" time="0.32" classname="testNG.YahooSearchTest"/>
</testsuite> <!-- Test -->
